[0;93m2026-03-21 08:00:32.658758853 [W:onnxruntime:Default, device_discovery.cc:132 GetPciBusId] Skipping pci_bus_id for PCI path at "/sys/devices/LNXSYSTM:00/LNXSYBUS:00/PNP0A03:00/device:07/VMBUS:01/5620e0c7-8062-4dce-aeb7-520c7ef76171" because filename ""5620e0c7-8062-4dce-aeb7-520c7ef76171"" dit not match expected pattern of [0-9a-f]+:[0-9a-f]+:[0-9a-f]+[.][0-9a-f]+[m
Failed to send telemetry event ClientStartEvent: capture() takes 1 positional argument but 3 were given
Failed to send telemetry event ClientCreateCollectionEvent: capture() takes 1 positional argument but 3 were given
Using a slow image processor as `use_fast` is unset and a slow processor was saved with this model. `use_fast=True` will be the default behavior in v4.48, even if the model was saved with a slow processor. This will result in minor differences in outputs. You'll still be able to use a slow processor with `use_fast=False`.
Device set to use cpu
Device set to use cpu
INFO:     Started server process [26450]
INFO:     Waiting for application startup.
INFO:     Application startup complete.
INFO:     Uvicorn running on http://0.0.0.0:8000 (Press CTRL+C to quit)
Failed to send telemetry event CollectionGetEvent: capture() takes 1 positional argument but 3 were given
INFO:     127.0.0.1:54586 - "GET /health HTTP/1.1" 200 OK
INFO:     127.0.0.1:55194 - "GET /health HTTP/1.1" 200 OK
INFO:     127.0.0.1:55202 - "GET /documents HTTP/1.1" 200 OK
Failed to send telemetry event CollectionQueryEvent: capture() takes 1 positional argument but 3 were given
Token indices sequence length is longer than the specified maximum sequence length for this model (1158 > 512). Running this sequence through the model will result in indexing errors
INFO:     127.0.0.1:35232 - "POST /query HTTP/1.1" 200 OK
INFO:     127.0.0.1:49570 - "POST /query HTTP/1.1" 200 OK
WARNING:  Invalid HTTP request received.
INFO:     127.0.0.1:34686 - "HEAD / HTTP/1.1" 405 Method Not Allowed
WARNING:  Invalid HTTP request received.
WARNING:  Invalid HTTP request received.
WARNING:  Invalid HTTP request received.
WARNING:  Invalid HTTP request received.
WARNING:  Invalid HTTP request received.
WARNING:  Invalid HTTP request received.
WARNING:  Invalid HTTP request received.
WARNING:  Invalid HTTP request received.
WARNING:  Invalid HTTP request received.
WARNING:  Invalid HTTP request received.
WARNING:  Invalid HTTP request received.
INFO:     127.0.0.1:34810 - "GET / HTTP/1.1" 200 OK
WARNING:  Invalid HTTP request received.
WARNING:  Invalid HTTP request received.
WARNING:  Invalid HTTP request received.
WARNING:  Invalid HTTP request received.
WARNING:  Invalid HTTP request received.
WARNING:  Invalid HTTP request received.
WARNING:  Invalid HTTP request received.
WARNING:  Invalid HTTP request received.
WARNING:  Invalid HTTP request received.
WARNING:  Invalid HTTP request received.
WARNING:  Invalid HTTP request received.
WARNING:  Invalid HTTP request received.
WARNING:  Invalid HTTP request received.
WARNING:  Invalid HTTP request received.
WARNING:  Invalid HTTP request received.
WARNING:  Invalid HTTP request received.
INFO:     Shutting down
INFO:     Waiting for application shutdown.
INFO:     Application shutdown complete.
INFO:     Finished server process [26450]
